Using pre-set license
Built from '2021.1/staging' branch; Version is '2021.1.5f1 (3737af19df53) revision 3618735'; Using compiler version '192528614'; Build Type 'Release'
OS: 'Windows 10 Pro; OS build 19042.928; Version 2009; 64bit' Language: 'en' Physical Memory: 16190 MB
BatchMode: 1, IsHumanControllingUs: 0, StartBugReporterOnCrash: 0, Is64bit: 1, IsPro: 0

 COMMAND LINE ARGUMENTS:
C:\Program Files\Unity\Hub\Editor\2021.1.5f1\Editor\Unity.exe
-adb2
-batchMode
-noUpm
-name
AssetImportWorker1
-projectPath
C:/Users/Martin/source/repos/Grøft ae'kke tøft
-logFile
Logs/AssetImportWorker1.log
-srvPort
52161
Successfully changed project path to: C:/Users/Martin/source/repos/Grøft ae'kke tøft
C:/Users/Martin/source/repos/Grøft ae'kke tøft
Using Asset Import Pipeline V2.
Refreshing native plugins compatible for Editor in 170.84 ms, found 1 plugins.
Preloading 0 native plugins for Editor in 0.00 ms.
Initialize engine version: 2021.1.5f1 (3737af19df53)
[Subsystems] Discovering subsystems at path C:/Program Files/Unity/Hub/Editor/2021.1.5f1/Editor/Data/Resources/UnitySubsystems
[Subsystems] Discovering subsystems at path C:/Users/Martin/source/repos/Grøft ae'kke tøft/Assets
GfxDevice: creating device client; threaded=0; jobified=0
Direct3D:
    Version:  Direct3D 11.0 [level 11.1]
    Renderer: AMD Radeon Pro WX3200 Graphics (ID=0x6981)
    Vendor:   ATI
    VRAM:     4076 MB
    Driver:   27.20.11023.9002
Initialize mono
Mono path[0] = 'C:/Program Files/Unity/Hub/Editor/2021.1.5f1/Editor/Data/Managed'
Mono path[1] = 'C:/Program Files/Unity/Hub/Editor/2021.1.5f1/Editor/Data/MonoBleedingEdge/lib/mono/unityjit'
Mono config path = 'C:/Program Files/Unity/Hub/Editor/2021.1.5f1/Editor/Data/MonoBleedingEdge/etc'
Using monoOptions --debugger-agent=transport=dt_socket,embedding=1,server=y,suspend=n,address=127.0.0.1:56760
Begin MonoManager ReloadAssembly
Registering precompiled unity dll's ...
Register platform support module: C:/Program Files/Unity/Hub/Editor/2021.1.5f1/Editor/Data/PlaybackEngines/MacStandaloneSupport/UnityEditor.OSXStandalone.Extensions.dll
Register platform support module: C:/Program Files/Unity/Hub/Editor/2021.1.5f1/Editor/Data/PlaybackEngines/WindowsStandaloneSupport/UnityEditor.WindowsStandalone.Extensions.dll
Registered in 0.005877 seconds.
Native extension for WindowsStandalone target not found
Native extension for OSXStandalone target not found
Refreshing native plugins compatible for Editor in 168.76 ms, found 1 plugins.
Preloading 0 native plugins for Editor in 0.00 ms.
Mono: successfully reloaded assembly
- Completed reload, in  6.508 seconds
Platform modules already initialized, skipping
Registering precompiled user dll's ...
Registered in 0.006651 seconds.
Begin MonoManager ReloadAssembly
Native extension for WindowsStandalone target not found
Native extension for OSXStandalone target not found
Refreshing native plugins compatible for Editor in 1.09 ms, found 1 plugins.
Preloading 0 native plugins for Editor in 0.00 ms.
Mono: successfully reloaded assembly
- Completed reload, in  1.942 seconds
Platform modules already initialized, skipping
========================================================================
Worker process is ready to serve import requests
Launched and connected shader compiler UnityShaderCompiler.exe after 0.15 seconds
Refreshing native plugins compatible for Editor in 0.80 ms, found 1 plugins.
Preloading 0 native plugins for Editor in 0.00 ms.
Unloading 2688 Unused Serialized files (Serialized files now loaded: 0)
System memory in use before: 100.7 MB.
System memory in use after: 100.9 MB.

Unloading 15 unused Assets to reduce memory usage. Loaded Objects now: 3142.
Total: 3.420300 ms (FindLiveObjects: 0.388900 ms CreateObjectMapping: 0.213200 ms MarkObjects: 2.694000 ms  DeleteObjects: 0.119100 ms)

========================================================================
Received Import Request.
  path: Assets/Prefabs/Veg.prefab
  artifactKey: Guid(f069b3f5526f9d44ca475b0575cb9d63) Importer(815301076,1909f56bfc062723c751e8b465ee728b)
Start importing Assets/Prefabs/Veg.prefab using Guid(f069b3f5526f9d44ca475b0575cb9d63) Importer(815301076,1909f56bfc062723c751e8b465ee728b)  -> (artifact id: '69647f0db167c765deee4549a0c9a4d0') in 0.398955 seconds 
========================================================================
Received Prepare
Refreshing native plugins compatible for Editor in 3.40 ms, found 1 plugins.
Preloading 0 native plugins for Editor in 0.00 ms.
Unloading 8 Unused Serialized files (Serialized files now loaded: 0)
System memory in use before: 51.3 MB.
System memory in use after: 51.5 MB.

Unloading 9 unused Assets to reduce memory usage. Loaded Objects now: 3149.
Total: 4.659900 ms (FindLiveObjects: 0.340800 ms CreateObjectMapping: 0.231200 ms MarkObjects: 3.999200 ms  DeleteObjects: 0.086800 ms)

========================================================================
Received Import Request.
  Time since last request: 24.119144 seconds.
  path: Assets/Prefabs/Veg.prefab
  artifactKey: Guid(f069b3f5526f9d44ca475b0575cb9d63) Importer(815301076,1909f56bfc062723c751e8b465ee728b)
Start importing Assets/Prefabs/Veg.prefab using Guid(f069b3f5526f9d44ca475b0575cb9d63) Importer(815301076,1909f56bfc062723c751e8b465ee728b)  -> (artifact id: '4dafbf6a2c088166638038ca8d35be13') in 0.177218 seconds 
========================================================================
Received Import Request.
  Time since last request: 19.286459 seconds.
  path: Assets/Prefabs/Veg.prefab
  artifactKey: Guid(f069b3f5526f9d44ca475b0575cb9d63) Importer(815301076,1909f56bfc062723c751e8b465ee728b)
Start importing Assets/Prefabs/Veg.prefab using Guid(f069b3f5526f9d44ca475b0575cb9d63) Importer(815301076,1909f56bfc062723c751e8b465ee728b)  -> (artifact id: 'e24b040665ad04f73049d8f06e988080') in 0.174189 seconds 
========================================================================
Received Import Request.
  Time since last request: 6.565369 seconds.
  path: Assets/Prefabs/Veg.prefab
  artifactKey: Guid(f069b3f5526f9d44ca475b0575cb9d63) Importer(815301076,1909f56bfc062723c751e8b465ee728b)
Start importing Assets/Prefabs/Veg.prefab using Guid(f069b3f5526f9d44ca475b0575cb9d63) Importer(815301076,1909f56bfc062723c751e8b465ee728b)  -> (artifact id: '4bf7b42ee22f63eeb0e3ebf9cc9ddcd2') in 0.172510 seconds 
========================================================================
Received Prepare
Registering precompiled user dll's ...
Registered in 0.006563 seconds.
Begin MonoManager ReloadAssembly
Native extension for WindowsStandalone target not found
Native extension for OSXStandalone target not found
Refreshing native plugins compatible for Editor in 1.67 ms, found 1 plugins.
Preloading 0 native plugins for Editor in 0.00 ms.
Mono: successfully reloaded assembly
- Completed reload, in  2.074 seconds
Platform modules already initialized, skipping
Refreshing native plugins compatible for Editor in 0.69 ms, found 1 plugins.
Preloading 0 native plugins for Editor in 0.00 ms.
Unloading 2670 Unused Serialized files (Serialized files now loaded: 0)
System memory in use before: 104.0 MB.
System memory in use after: 104.2 MB.

Unloading 11 unused Assets to reduce memory usage. Loaded Objects now: 3152.
Total: 2.924100 ms (FindLiveObjects: 0.282500 ms CreateObjectMapping: 0.163600 ms MarkObjects: 2.361100 ms  DeleteObjects: 0.115700 ms)

========================================================================
Received Import Request.
  Time since last request: 110.414111 seconds.
  path: Assets/Prefabs/Veg.prefab
  artifactKey: Guid(f069b3f5526f9d44ca475b0575cb9d63) Importer(815301076,1909f56bfc062723c751e8b465ee728b)
Start importing Assets/Prefabs/Veg.prefab using Guid(f069b3f5526f9d44ca475b0575cb9d63) Importer(815301076,1909f56bfc062723c751e8b465ee728b)  -> (artifact id: '8b602d128bc42054503b88b0cc90aec1') in 0.228095 seconds 
========================================================================
Received Import Request.
  Time since last request: 1.698079 seconds.
  path: Assets/Prefabs/Veg.prefab
  artifactKey: Guid(f069b3f5526f9d44ca475b0575cb9d63) Importer(815301076,1909f56bfc062723c751e8b465ee728b)
Start importing Assets/Prefabs/Veg.prefab using Guid(f069b3f5526f9d44ca475b0575cb9d63) Importer(815301076,1909f56bfc062723c751e8b465ee728b)  -> (artifact id: '3b16780dc33f7ef3702991b91508f942') in 0.138292 seconds 
========================================================================
Received Import Request.
  Time since last request: 1.813670 seconds.
  path: Assets/Prefabs/Veg.prefab
  artifactKey: Guid(f069b3f5526f9d44ca475b0575cb9d63) Importer(815301076,1909f56bfc062723c751e8b465ee728b)
Start importing Assets/Prefabs/Veg.prefab using Guid(f069b3f5526f9d44ca475b0575cb9d63) Importer(815301076,1909f56bfc062723c751e8b465ee728b)  -> (artifact id: 'e86c43507ff7453287f4d7ff2922ebd6') in 0.143245 seconds 
========================================================================
Received Import Request.
  Time since last request: 4.914067 seconds.
  path: Assets/Prefabs/Veg.prefab
  artifactKey: Guid(f069b3f5526f9d44ca475b0575cb9d63) Importer(815301076,1909f56bfc062723c751e8b465ee728b)
Start importing Assets/Prefabs/Veg.prefab using Guid(f069b3f5526f9d44ca475b0575cb9d63) Importer(815301076,1909f56bfc062723c751e8b465ee728b)  -> (artifact id: 'e75c958d93ba0cc7c34876fbb45bfc49') in 0.145319 seconds 
========================================================================
Received Import Request.
  Time since last request: 3.824265 seconds.
  path: Assets/Prefabs/Veg.prefab
  artifactKey: Guid(f069b3f5526f9d44ca475b0575cb9d63) Importer(815301076,1909f56bfc062723c751e8b465ee728b)
Start importing Assets/Prefabs/Veg.prefab using Guid(f069b3f5526f9d44ca475b0575cb9d63) Importer(815301076,1909f56bfc062723c751e8b465ee728b)  -> (artifact id: '879cd981ecf96be65b652ea7dcc844d0') in 0.140079 seconds 
========================================================================
Received Import Request.
  Time since last request: 4.882486 seconds.
  path: Assets/Prefabs/Veg.prefab
  artifactKey: Guid(f069b3f5526f9d44ca475b0575cb9d63) Importer(815301076,1909f56bfc062723c751e8b465ee728b)
Start importing Assets/Prefabs/Veg.prefab using Guid(f069b3f5526f9d44ca475b0575cb9d63) Importer(815301076,1909f56bfc062723c751e8b465ee728b)  -> (artifact id: '9626c0d0f8eeb79ab6e346aa3967fc38') in 0.138434 seconds 
========================================================================
Received Import Request.
  Time since last request: 3.045873 seconds.
  path: Assets/Prefabs/Veg.prefab
  artifactKey: Guid(f069b3f5526f9d44ca475b0575cb9d63) Importer(815301076,1909f56bfc062723c751e8b465ee728b)
Start importing Assets/Prefabs/Veg.prefab using Guid(f069b3f5526f9d44ca475b0575cb9d63) Importer(815301076,1909f56bfc062723c751e8b465ee728b)  -> (artifact id: '2a6f409234632d996700badeb93c6c11') in 0.147328 seconds 
========================================================================
Received Import Request.
  Time since last request: 8.563774 seconds.
  path: Assets/Prefabs/Veg.prefab
  artifactKey: Guid(f069b3f5526f9d44ca475b0575cb9d63) Importer(815301076,1909f56bfc062723c751e8b465ee728b)
Start importing Assets/Prefabs/Veg.prefab using Guid(f069b3f5526f9d44ca475b0575cb9d63) Importer(815301076,1909f56bfc062723c751e8b465ee728b)  -> (artifact id: '00c16c4cc77768bf3dd5aede771548d5') in 0.140573 seconds 
========================================================================
Received Import Request.
  Time since last request: 2.462241 seconds.
  path: Assets/Prefabs/Veg.prefab
  artifactKey: Guid(f069b3f5526f9d44ca475b0575cb9d63) Importer(815301076,1909f56bfc062723c751e8b465ee728b)
Start importing Assets/Prefabs/Veg.prefab using Guid(f069b3f5526f9d44ca475b0575cb9d63) Importer(815301076,1909f56bfc062723c751e8b465ee728b)  -> (artifact id: '22934ebef70b534bec1be8e5fb25c66a') in 0.170553 seconds 
========================================================================
Received Import Request.
  Time since last request: 5.476736 seconds.
  path: Assets/Prefabs/Veg.prefab
  artifactKey: Guid(f069b3f5526f9d44ca475b0575cb9d63) Importer(815301076,1909f56bfc062723c751e8b465ee728b)
Start importing Assets/Prefabs/Veg.prefab using Guid(f069b3f5526f9d44ca475b0575cb9d63) Importer(815301076,1909f56bfc062723c751e8b465ee728b)  -> (artifact id: '9254b5bf5026017427b8761551c7bdfd') in 0.140227 seconds 
========================================================================
Received Import Request.
  Time since last request: 14.106802 seconds.
  path: Assets/Prefabs/Veg.prefab
  artifactKey: Guid(f069b3f5526f9d44ca475b0575cb9d63) Importer(815301076,1909f56bfc062723c751e8b465ee728b)
Start importing Assets/Prefabs/Veg.prefab using Guid(f069b3f5526f9d44ca475b0575cb9d63) Importer(815301076,1909f56bfc062723c751e8b465ee728b)  -> (artifact id: 'a469600ceaf1b6725032f73ce79a1ad8') in 0.144382 seconds 
========================================================================
Received Import Request.
  Time since last request: 10.243531 seconds.
  path: Assets/Prefabs/Veg.prefab
  artifactKey: Guid(f069b3f5526f9d44ca475b0575cb9d63) Importer(815301076,1909f56bfc062723c751e8b465ee728b)
Start importing Assets/Prefabs/Veg.prefab using Guid(f069b3f5526f9d44ca475b0575cb9d63) Importer(815301076,1909f56bfc062723c751e8b465ee728b)  -> (artifact id: 'f9f27872cc16b63fa7225e83e1c74e98') in 0.131823 seconds 
========================================================================
Received Import Request.
  Time since last request: 2.481432 seconds.
  path: Assets/Prefabs/Veg.prefab
  artifactKey: Guid(f069b3f5526f9d44ca475b0575cb9d63) Importer(815301076,1909f56bfc062723c751e8b465ee728b)
Start importing Assets/Prefabs/Veg.prefab using Guid(f069b3f5526f9d44ca475b0575cb9d63) Importer(815301076,1909f56bfc062723c751e8b465ee728b)  -> (artifact id: '1a9fa7300281ed593d3d9c5ea5cd1163') in 0.163229 seconds 
========================================================================
Received Import Request.
  Time since last request: 7.501745 seconds.
  path: Assets/Prefabs/Veg.prefab
  artifactKey: Guid(f069b3f5526f9d44ca475b0575cb9d63) Importer(815301076,1909f56bfc062723c751e8b465ee728b)
Start importing Assets/Prefabs/Veg.prefab using Guid(f069b3f5526f9d44ca475b0575cb9d63) Importer(815301076,1909f56bfc062723c751e8b465ee728b)  -> (artifact id: '1ec068009695c74cc22d4fdf13919853') in 0.133289 seconds 
========================================================================
Received Import Request.
  Time since last request: 2.880212 seconds.
  path: Assets/Prefabs/Veg.prefab
  artifactKey: Guid(f069b3f5526f9d44ca475b0575cb9d63) Importer(815301076,1909f56bfc062723c751e8b465ee728b)
Start importing Assets/Prefabs/Veg.prefab using Guid(f069b3f5526f9d44ca475b0575cb9d63) Importer(815301076,1909f56bfc062723c751e8b465ee728b)  -> (artifact id: 'c8680e2256bec5599958fd14a8871b7a') in 0.148262 seconds 
========================================================================
Received Prepare
Registering precompiled user dll's ...
Registered in 0.005459 seconds.
Begin MonoManager ReloadAssembly
Native extension for WindowsStandalone target not found
Native extension for OSXStandalone target not found
Refreshing native plugins compatible for Editor in 4.20 ms, found 1 plugins.
Preloading 0 native plugins for Editor in 0.00 ms.
Mono: successfully reloaded assembly
- Completed reload, in  2.419 seconds
Platform modules already initialized, skipping
Refreshing native plugins compatible for Editor in 0.85 ms, found 1 plugins.
Preloading 0 native plugins for Editor in 0.00 ms.
Unloading 2670 Unused Serialized files (Serialized files now loaded: 0)
System memory in use before: 104.7 MB.
System memory in use after: 104.9 MB.

Unloading 11 unused Assets to reduce memory usage. Loaded Objects now: 3156.
Total: 4.783700 ms (FindLiveObjects: 0.396000 ms CreateObjectMapping: 0.324600 ms MarkObjects: 3.946600 ms  DeleteObjects: 0.114700 ms)

AssetImportWorkerClient::OnTransportError - code=2 error=End of file
